#
# A fatal error has been detected by the Java Runtime Environment:
#
#  SIGSEGV (0xb) at pc=0x00007fff511144c2, pid=3497, tid=0x000000000000a603
#
# JRE version: Java(TM) SE Runtime Environment (8.0_144-b01) (build 1.8.0_144-b01)
# Java VM: Java HotSpot(TM) 64-Bit Server VM (25.144-b01 mixed mode bsd-amd64 compressed oops)
# Problematic frame:
# C  [libsystem_platform.dylib+0x14c2]  _platform_memmove$VARIANT$Nehalem+0xc2
#
# Failed to write core dump. Core dumps have been disabled. To enable core dumping, try "ulimit -c unlimited" before starting Java again
#
# If you would like to submit a bug report, please visit:
#   http://bugreport.java.com/bugreport/crash.jsp
# The crash happened outside the Java Virtual Machine in native code.
# See problematic frame for where to report the bug.
#

---------------  T H R E A D  ---------------

Current thread (0x00007fd7811cb000):  JavaThread "ContainerBackgroundProcessor[StandardEngine[Tomcat]]" daemon [_thread_in_native, id=42499, stack(0x0000700001990000,0x0000700001a90000)]

siginfo: si_signo: 11 (SIGSEGV), si_code: 1 (SEGV_MAPERR), si_addr: 0x0000000125f5d000

Registers:
RAX=0x00007fd78e1f3400, RBX=0x0000000125f567f1, RCX=0x0000000000000010, RDX=0x000000000000f394
RSP=0x0000700001a8e300, RBP=0x0000700001a8e300, RSI=0x0000000125f5cff2, RDI=0x00007fd78e1f3890
R8 =0x00007fd78e26a800, R9 =0x0000000000008004, R10=0x00007fd78e000000, R11=0x00007fd66829689e
R12=0x0000000008080014, R13=0x0000000000000036, R14=0x00007fd78e1f3400, R15=0x000000000000f864
RIP=0x00007fff511144c2, EFLAGS=0x0000000000010206, ERR=0x0000000000000004
  TRAPNO=0x000000000000000e

Top of Stack: (sp=0x0000700001a8e300)
0x0000700001a8e300:   0000700001a8e370 000000010bd3c399
0x0000700001a8e310:   000000b19f5d8eb8 0000000000000017
0x0000700001a8e320:   000000000000f864 00007fd78e265c00
0x0000700001a8e330:   0000000000004b92 00007fd780bbf4d0
0x0000700001a8e340:   00007fd770866470 00007fd780bbf4d0
0x0000700001a8e350:   00007fd77eeed990 0000000000000270
0x0000700001a8e360:   000000001e133478 00007fd7709336d0
0x0000700001a8e370:   0000700001a8e3d0 000000010bd3c52d
0x0000700001a8e380:   0000700001a8e425 0000700001a8e424
0x0000700001a8e390:   0000003500000000 00000036011cb000
0x0000700001a8e3a0:   0000700001a8e3ee 0000700001a8e838
0x0000700001a8e3b0:   0000000000000036 0000700001a8e3ee
0x0000700001a8e3c0:   00007fd780bbf4d0 00007fd7811cb1f8
0x0000700001a8e3d0:   0000700001a8e820 000000010bd3b238
0x0000700001a8e3e0:   000000014614d9f8 7a63000100000001
0x0000700001a8e3f0:   69662f696e756d2f 6d2f35363161702f
0x0000700001a8e400:   6c73726574736e6f 61662f7372657961
0x0000700001a8e410:   626f4a2f65646163 632e656461636146
0x0000700001a8e420:   000070007373616c 000000010d503aee
0x0000700001a8e430:   0000700001a8e470 00007fd7811cb000
0x0000700001a8e440:   0000700001a8e470 000000010d2f0d93
0x0000700001a8e450:   0000700001a8ebe0 00007fd7811cb000
0x0000700001a8e460:   00000000000000c2 0000000093ed0ace
0x0000700001a8e470:   0000700001a8e4b0 000000010d5355b8
0x0000700001a8e480:   00007fd78090eea0 00007fd7811cb000
0x0000700001a8e490:   00007fd780853038 000000079f5e0c78
0x0000700001a8e4a0:   0000000000000012 00007fd780a020a0
0x0000700001a8e4b0:   0000700001a8e500 000000010d535807
0x0000700001a8e4c0:   0000700001a8e51c 000000079f5e7498
0x0000700001a8e4d0:   0000700001a8ec60 00007fd7811cb000
0x0000700001a8e4e0:   00000000000000c2 00007fd7811cb000
0x0000700001a8e4f0:   00000000000000c2 000000079f3ed7a0 

Instructions: (pc=0x00007fff511144c2)
0x00007fff511144a2:   00 00 76 6a 48 f7 c6 0f 00 00 00 74 31 0f 29 0f
0x00007fff511144b2:   0f 29 57 10 0f 29 5f 20 0f 29 67 30 48 83 c7 40
0x00007fff511144c2:   0f 10 0e 0f 10 56 10 0f 10 5e 20 0f 10 66 30 48
0x00007fff511144d2:   83 c6 40 48 83 ea 40 77 d4 eb 33 0f 1f 00 0f 29 

Register to memory mapping:

RAX=0x00007fd78e1f3400 is an unknown value
RBX=0x0000000125f567f1 is an unknown value
RCX=0x0000000000000010 is an unknown value
RDX=0x000000000000f394 is an unknown value
RSP=0x0000700001a8e300 is pointing into the stack for thread: 0x00007fd7811cb000
RBP=0x0000700001a8e300 is pointing into the stack for thread: 0x00007fd7811cb000
RSI=0x0000000125f5cff2 is an unknown value
RDI=0x00007fd78e1f3890 is an unknown value
R8 =0x00007fd78e26a800 is an unknown value
R9 =0x0000000000008004 is an unknown value
R10=0x00007fd78e000000 is an unknown value
R11=0x00007fd66829689e is an unknown value
R12=0x0000000008080014 is an unknown value
R13=0x0000000000000036 is an unknown value
R14=0x00007fd78e1f3400 is an unknown value
R15=0x000000000000f864 is an unknown value


Stack: [0x0000700001990000,0x0000700001a90000],  sp=0x0000700001a8e300,  free space=1016k
Native frames: (J=compiled Java code, j=interpreted, Vv=VM code, C=native code)
C  [libsystem_platform.dylib+0x14c2]  _platform_memmove$VARIANT$Nehalem+0xc2
C  [libzip.dylib+0x3399]  newEntry+0x65b
C  [libzip.dylib+0x352d]  ZIP_GetEntry2+0xd4
C  [libzip.dylib+0x2238]  Java_java_util_zip_ZipFile_getEntry+0xcf
J 141  java.util.zip.ZipFile.getEntry(J[BZ)J (0 bytes) @ 0x000000010e0fa38e [0x000000010e0fa2c0+0xce]
J 8955 C2 java.util.jar.JarFile.getEntry(Ljava/lang/String;)Ljava/util/zip/ZipEntry; (22 bytes) @ 0x000000010edfcd64 [0x000000010edfc9e0+0x384]
J 13665 C2 sun.net.www.protocol.jar.JarURLConnection.connect()V (147 bytes) @ 0x000000010f884c40 [0x000000010f884960+0x2e0]
J 13675 C2 org.apache.catalina.loader.WebappClassLoader.getResourceAsStream(Ljava/lang/String;)Ljava/io/InputStream; (380 bytes) @ 0x000000010eb8778c [0x000000010eb86960+0xe2c]
j  org.springframework.core.io.ClassPathResource.getInputStream()Ljava/io/InputStream;+37
j  org.springframework.core.type.classreading.SimpleMetadataReader.<init>(Lorg/springframework/core/io/Resource;Ljava/lang/ClassLoader;)V+9
j  org.springframework.core.type.classreading.SimpleMetadataReaderFactory.getMetadataReader(Lorg/springframework/core/io/Resource;)Lorg/springframework/core/type/classreading/MetadataReader;+14
j  org.springframework.core.type.classreading.CachingMetadataReaderFactory.getMetadataReader(Lorg/springframework/core/io/Resource;)Lorg/springframework/core/type/classreading/MetadataReader;+40
j  org.springframework.core.type.classreading.SimpleMetadataReaderFactory.getMetadataReader(Ljava/lang/String;)Lorg/springframework/core/type/classreading/MetadataReader;+158
j  org.springframework.context.annotation.ConfigurationClassParser.asSourceClass(Ljava/lang/String;)Lorg/springframework/context/annotation/ConfigurationClassParser$SourceClass;+75
j  org.springframework.context.annotation.ConfigurationClassParser$SourceClass.getInterfaces()Ljava/util/Set;+111
j  org.springframework.context.annotation.ConfigurationClassParser.processInterfaces(Lorg/springframework/context/annotation/ConfigurationClass;Lorg/springframework/context/annotation/ConfigurationClassParser$SourceClass;)V+1
j  org.springframework.context.annotation.ConfigurationClassParser.doProcessConfigurationClass(Lorg/springframework/context/annotation/ConfigurationClass;Lorg/springframework/context/annotation/ConfigurationClassParser$SourceClass;)Lorg/springframework/context/annotation/ConfigurationClassParser$SourceClass;+434
j  org.springframework.context.annotation.ConfigurationClassParser.processConfigurationClass(Lorg/springframework/context/annotation/ConfigurationClass;)V+122
j  org.springframework.context.annotation.ConfigurationClassParser.parse(Lorg/springframework/core/type/AnnotationMetadata;Ljava/lang/String;)V+10
j  org.springframework.context.annotation.ConfigurationClassParser.parse(Ljava/util/Set;)V+66
j  org.springframework.context.annotation.ConfigurationClassPostProcessor.processConfigBeanDefinitions(Lorg/springframework/beans/factory/support/BeanDefinitionRegistry;)V+288
j  org.springframework.context.annotation.ConfigurationClassPostProcessor.postProcessBeanDefinitionRegistry(Lorg/springframework/beans/factory/support/BeanDefinitionRegistry;)V+107
j  org.springframework.context.support.PostProcessorRegistrationDelegate.invokeBeanDefinitionRegistryPostProcessors(Ljava/util/Collection;Lorg/springframework/beans/factory/support/BeanDefinitionRegistry;)V+28
j  org.springframework.context.support.PostProcessorRegistrationDelegate.invokeBeanFactoryPostProcessors(Lorg/springframework/beans/factory/config/ConfigurableListableBeanFactory;Ljava/util/List;)V+229
j  org.springframework.context.support.AbstractApplicationContext.invokeBeanFactoryPostProcessors(Lorg/springframework/beans/factory/config/ConfigurableListableBeanFactory;)V+5
j  org.springframework.context.support.AbstractApplicationContext.refresh()V+28
j  org.springframework.web.context.ContextLoader.configureAndRefreshWebApplicationContext(Lorg/springframework/web/context/ConfigurableWebApplicationContext;Ljavax/servlet/ServletContext;)V+135
j  org.springframework.web.context.ContextLoader.initWebApplicationContext(Ljavax/servlet/ServletContext;)Lorg/springframework/web/context/WebApplicationContext;+132
j  org.springframework.web.context.ContextLoaderListener.contextInitialized(Ljavax/servlet/ServletContextEvent;)V+5
j  org.apache.catalina.core.StandardContext.listenerStart()Z+638
j  org.apache.catalina.core.StandardContext.startInternal()V+1206
j  org.apache.catalina.util.LifecycleBase.start()V+210
j  org.apache.catalina.core.StandardContext.reload()V+120
J 29506 C2 org.apache.catalina.core.ContainerBase.backgroundProcess()V (266 bytes) @ 0x00000001128af540 [0x00000001128af260+0x2e0]
J 29380 C2 org.apache.catalina.core.ContainerBase$ContainerBackgroundProcessor.processChildren(Lorg/apache/catalina/Container;Ljava/lang/ClassLoader;)V (125 bytes) @ 0x000000011284be78 [0x000000011284bc80+0x1f8]
J 29380 C2 org.apache.catalina.core.ContainerBase$ContainerBackgroundProcessor.processChildren(Lorg/apache/catalina/Container;Ljava/lang/ClassLoader;)V (125 bytes) @ 0x000000011284c1c4 [0x000000011284bc80+0x544]
j  org.apache.catalina.core.ContainerBase$ContainerBackgroundProcessor.run()V+81
j  java.lang.Thread.run()V+11
v  ~StubRoutines::call_stub
V  [libjvm.dylib+0x2ee70a]
V  [libjvm.dylib+0x2eeeae]
V  [libjvm.dylib+0x2ef05a]
V  [libjvm.dylib+0x3497b1]
V  [libjvm.dylib+0x56c0b3]
V  [libjvm.dylib+0x56d7a0]
V  [libjvm.dylib+0x48baee]
C  [libsystem_pthread.dylib+0x36c1]  _pthread_body+0x154
C  [libsystem_pthread.dylib+0x356d]  _pthread_body+0x0
C  [libsystem_pthread.dylib+0x2c5d]  thread_start+0xd
C  0x0000000000000000

Java frames: (J=compiled Java code, j=interpreted, Vv=VM code)
J 141  java.util.zip.ZipFile.getEntry(J[BZ)J (0 bytes) @ 0x000000010e0fa318 [0x000000010e0fa2c0+0x58]
J 8955 C2 java.util.jar.JarFile.getEntry(Ljava/lang/String;)Ljava/util/zip/ZipEntry; (22 bytes) @ 0x000000010edfcd64 [0x000000010edfc9e0+0x384]
J 13665 C2 sun.net.www.protocol.jar.JarURLConnection.connect()V (147 bytes) @ 0x000000010f884c40 [0x000000010f884960+0x2e0]
J 13675 C2 org.apache.catalina.loader.WebappClassLoader.getResourceAsStream(Ljava/lang/String;)Ljava/io/InputStream; (380 bytes) @ 0x000000010eb8778c [0x000000010eb86960+0xe2c]
j  org.springframework.core.io.ClassPathResource.getInputStream()Ljava/io/InputStream;+37
j  org.springframework.core.type.classreading.SimpleMetadataReader.<init>(Lorg/springframework/core/io/Resource;Ljava/lang/ClassLoader;)V+9
j  org.springframework.core.type.classreading.SimpleMetadataReaderFactory.getMetadataReader(Lorg/springframework/core/io/Resource;)Lorg/springframework/core/type/classreading/MetadataReader;+14
j  org.springframework.core.type.classreading.CachingMetadataReaderFactory.getMetadataReader(Lorg/springframework/core/io/Resource;)Lorg/springframework/core/type/classreading/MetadataReader;+40
j  org.springframework.core.type.classreading.SimpleMetadataReaderFactory.getMetadataReader(Ljava/lang/String;)Lorg/springframework/core/type/classreading/MetadataReader;+158
j  org.springframework.context.annotation.ConfigurationClassParser.asSourceClass(Ljava/lang/String;)Lorg/springframework/context/annotation/ConfigurationClassParser$SourceClass;+75
j  org.springframework.context.annotation.ConfigurationClassParser$SourceClass.getInterfaces()Ljava/util/Set;+111
j  org.springframework.context.annotation.ConfigurationClassParser.processInterfaces(Lorg/springframework/context/annotation/ConfigurationClass;Lorg/springframework/context/annotation/ConfigurationClassParser$SourceClass;)V+1
j  org.springframework.context.annotation.ConfigurationClassParser.doProcessConfigurationClass(Lorg/springframework/context/annotation/ConfigurationClass;Lorg/springframework/context/annotation/ConfigurationClassParser$SourceClass;)Lorg/springframework/context/annotation/ConfigurationClassParser$SourceClass;+434
j  org.springframework.context.annotation.ConfigurationClassParser.processConfigurationClass(Lorg/springframework/context/annotation/ConfigurationClass;)V+122
j  org.springframework.context.annotation.ConfigurationClassParser.parse(Lorg/springframework/core/type/AnnotationMetadata;Ljava/lang/String;)V+10
j  org.springframework.context.annotation.ConfigurationClassParser.parse(Ljava/util/Set;)V+66
j  org.springframework.context.annotation.ConfigurationClassPostProcessor.processConfigBeanDefinitions(Lorg/springframework/beans/factory/support/BeanDefinitionRegistry;)V+288
j  org.springframework.context.annotation.ConfigurationClassPostProcessor.postProcessBeanDefinitionRegistry(Lorg/springframework/beans/factory/support/BeanDefinitionRegistry;)V+107
j  org.springframework.context.support.PostProcessorRegistrationDelegate.invokeBeanDefinitionRegistryPostProcessors(Ljava/util/Collection;Lorg/springframework/beans/factory/support/BeanDefinitionRegistry;)V+28
j  org.springframework.context.support.PostProcessorRegistrationDelegate.invokeBeanFactoryPostProcessors(Lorg/springframework/beans/factory/config/ConfigurableListableBeanFactory;Ljava/util/List;)V+229
j  org.springframework.context.support.AbstractApplicationContext.invokeBeanFactoryPostProcessors(Lorg/springframework/beans/factory/config/ConfigurableListableBeanFactory;)V+5
j  org.springframework.context.support.AbstractApplicationContext.refresh()V+28
j  org.springframework.web.context.ContextLoader.configureAndRefreshWebApplicationContext(Lorg/springframework/web/context/ConfigurableWebApplicationContext;Ljavax/servlet/ServletContext;)V+135
j  org.springframework.web.context.ContextLoader.initWebApplicationContext(Ljavax/servlet/ServletContext;)Lorg/springframework/web/context/WebApplicationContext;+132
j  org.springframework.web.context.ContextLoaderListener.contextInitialized(Ljavax/servlet/ServletContextEvent;)V+5
j  org.apache.catalina.core.StandardContext.listenerStart()Z+638
j  org.apache.catalina.core.StandardContext.startInternal()V+1206
j  org.apache.catalina.util.LifecycleBase.start()V+210
j  org.apache.catalina.core.StandardContext.reload()V+120
J 29506 C2 org.apache.catalina.core.ContainerBase.backgroundProcess()V (266 bytes) @ 0x00000001128af540 [0x00000001128af260+0x2e0]
J 29380 C2 org.apache.catalina.core.ContainerBase$ContainerBackgroundProcessor.processChildren(Lorg/apache/catalina/Container;Ljava/lang/ClassLoader;)V (125 bytes) @ 0x000000011284be78 [0x000000011284bc80+0x1f8]
J 29380 C2 org.apache.catalina.core.ContainerBase$ContainerBackgroundProcessor.processChildren(Lorg/apache/catalina/Container;Ljava/lang/ClassLoader;)V (125 bytes) @ 0x000000011284c1c4 [0x000000011284bc80+0x544]
j  org.apache.catalina.core.ContainerBase$ContainerBackgroundProcessor.run()V+81
j  java.lang.Thread.run()V+11
v  ~StubRoutines::call_stub

---------------  P R O C E S S  ---------------

Java Threads: ( => current thread )
  0x00007fd783adb800 JavaThread "Timer-13" daemon [_thread_blocked, id=35591, stack(0x00007000030d5000,0x00007000031d5000)]
  0x00007fd78be00800 JavaThread "Timer-12" daemon [_thread_blocked, id=35847, stack(0x0000700002fd2000,0x00007000030d2000)]
  0x00007fd781df0000 JavaThread "Timer-11" daemon [_thread_blocked, id=40203, stack(0x0000700002ecf000,0x0000700002fcf000)]
  0x00007fd784eed800 JavaThread "Timer-10" daemon [_thread_blocked, id=36107, stack(0x0000700002dcc000,0x0000700002ecc000)]
  0x00007fd78e40f800 JavaThread "Timer-9" daemon [_thread_blocked, id=41227, stack(0x0000700002cc9000,0x0000700002dc9000)]
  0x00007fd77fcd3800 JavaThread "Timer-8" daemon [_thread_blocked, id=26123, stack(0x0000700002bc6000,0x0000700002cc6000)]
  0x00007fd78de75000 JavaThread "Timer-7" daemon [_thread_blocked, id=36879, stack(0x00007000029c0000,0x0000700002ac0000)]
  0x00007fd78bc54800 JavaThread "Timer-6" daemon [_thread_blocked, id=25611, stack(0x00007000028bd000,0x00007000029bd000)]
  0x00007fd78a029000 JavaThread "Timer-5" daemon [_thread_blocked, id=22031, stack(0x00007000026b7000,0x00007000027b7000)]
  0x00007fd78c0f7000 JavaThread "Timer-4" daemon [_thread_blocked, id=38155, stack(0x00007000022ab000,0x00007000023ab000)]
  0x00007fd77f523800 JavaThread "Timer-3" daemon [_thread_blocked, id=3343, stack(0x0000700001e9f000,0x0000700001f9f000)]
  0x00007fd78e065000 JavaThread "http-bio-8080-exec-15" daemon [_thread_blocked, id=25859, stack(0x0000700002ac3000,0x0000700002bc3000)]
  0x00007fd78e2fd000 JavaThread "http-bio-8080-exec-12" daemon [_thread_blocked, id=38403, stack(0x00007000027ba000,0x00007000028ba000)]
  0x00007fd7873c4800 JavaThread "Timer-2" daemon [_thread_blocked, id=38663, stack(0x0000700001607000,0x0000700001707000)]
  0x00007fd781edd800 JavaThread "Timer-1" daemon [_thread_blocked, id=22791, stack(0x000070000188d000,0x000070000198d000)]
  0x00007fd78841d000 JavaThread "http-bio-8080-exec-11" daemon [_thread_blocked, id=38915, stack(0x00007000025b4000,0x00007000026b4000)]
  0x00007fd7825d1000 JavaThread "http-bio-8080-exec-10" daemon [_thread_blocked, id=39427, stack(0x00007000024b1000,0x00007000025b1000)]
  0x00007fd787cd4000 JavaThread "http-bio-8080-exec-9" daemon [_thread_blocked, id=24579, stack(0x00007000023ae000,0x00007000024ae000)]
  0x00007fd7811ec000 JavaThread "http-bio-8080-exec-7" daemon [_thread_blocked, id=24067, stack(0x00007000021a8000,0x00007000022a8000)]
  0x00007fd781156800 JavaThread "http-bio-8080-exec-6" daemon [_thread_blocked, id=40707, stack(0x00007000020a5000,0x00007000021a5000)]
  0x00007fd787918000 JavaThread "http-bio-8080-exec-5" daemon [_thread_blocked, id=23811, stack(0x0000700001fa2000,0x00007000020a2000)]
  0x00007fd787917800 JavaThread "http-bio-8080-exec-3" daemon [_thread_blocked, id=22535, stack(0x0000700001d9c000,0x0000700001e9c000)]
  0x00007fd789016800 JavaThread "http-bio-8080-exec-2" daemon [_thread_blocked, id=43271, stack(0x0000700001c99000,0x0000700001d99000)]
  0x00007fd7833d7800 JavaThread "http-bio-8080-AsyncTimeout" daemon [_thread_blocked, id=23043, stack(0x0000700001b96000,0x0000700001c96000)]
  0x00007fd783146800 JavaThread "http-bio-8080-Acceptor-0" daemon [_thread_in_native, id=41987, stack(0x0000700001a93000,0x0000700001b93000)]
=>0x00007fd7811cb000 JavaThread "ContainerBackgroundProcessor[StandardEngine[Tomcat]]" daemon [_thread_in_native, id=42499, stack(0x0000700001990000,0x0000700001a90000)]
  0x00007fd77f138800 JavaThread "Timer-0" daemon [_thread_blocked, id=3847, stack(0x000070000178a000,0x000070000188a000)]
  0x00007fd78028c000 JavaThread "Thread-2" daemon [_thread_in_native, id=4103, stack(0x00007000000c2000,0x00007000001c2000)]
  0x00007fd782833000 JavaThread "Service Thread" daemon [_thread_blocked, id=15363, stack(0x000070000137e000,0x000070000147e000)]
  0x00007fd77f804000 JavaThread "C1 CompilerThread3" daemon [_thread_blocked, id=14339, stack(0x000070000127b000,0x000070000137b000)]
  0x00007fd782818000 JavaThread "C2 CompilerThread2" daemon [_thread_blocked, id=13827, stack(0x0000700001178000,0x0000700001278000)]
  0x00007fd782810000 JavaThread "C2 CompilerThread1" daemon [_thread_blocked, id=15875, stack(0x0000700001075000,0x0000700001175000)]
  0x00007fd782817000 JavaThread "C2 CompilerThread0" daemon [_thread_blocked, id=16387, stack(0x0000700000f72000,0x0000700001072000)]
  0x00007fd780010000 JavaThread "Signal Dispatcher" daemon [_thread_blocked, id=13579, stack(0x0000700000e6f000,0x0000700000f6f000)]
  0x00007fd782801800 JavaThread "Finalizer" daemon [_thread_blocked, id=18947, stack(0x0000700000d6c000,0x0000700000e6c000)]
  0x00007fd78182e000 JavaThread "Reference Handler" daemon [_thread_blocked, id=19203, stack(0x0000700000c69000,0x0000700000d69000)]
  0x00007fd781805000 JavaThread "main" [_thread_blocked, id=9987, stack(0x000070000024b000,0x000070000034b000)]

Other Threads:
  0x00007fd781829800 VMThread [stack: 0x0000700000b66000,0x0000700000c66000] [id=19459]
  0x00007fd782806800 WatcherThread [stack: 0x0000700001481000,0x0000700001581000] [id=15107]

VM state:not at safepoint (normal execution)

VM Mutex/Monitor currently owned by a thread: None

Heap:
 PSYoungGen      total 588800K, used 247902K [0x0000000795580000, 0x00000007c0000000, 0x00000007c0000000)
  eden space 485376K, 34% used [0x0000000795580000,0x000000079fb26eb0,0x00000007b2f80000)
  from space 103424K, 75% used [0x00000007b2f80000,0x00000007b7bf0b30,0x00000007b9480000)
  to   space 103936K, 0% used [0x00000007b9a80000,0x00000007b9a80000,0x00000007c0000000)
 ParOldGen       total 351744K, used 117974K [0x0000000740000000, 0x0000000755780000, 0x0000000795580000)
  object space 351744K, 33% used [0x0000000740000000,0x0000000747335a00,0x0000000755780000)
 Metaspace       used 560069K, capacity 570334K, committed 572796K, reserved 1544192K
  class space    used 73783K, capacity 78380K, committed 78768K, reserved 1048576K

Card table byte_map: [0x000000011d367000,0x000000011d768000] byte_map_base: 0x0000000119967000

Marking Bits: (ParMarkBitMap*) 0x000000010d8f35d0
 Begin Bits: [0x000000011da13000, 0x000000011fa13000)
 End Bits:   [0x000000011fa13000, 0x0000000121a13000)

Polling page: 0x000000010bcef000

CodeCache: size=245760Kb used=139486Kb max_used=139651Kb free=106273Kb
 bounds [0x000000010dfa7000, 0x0000000116957000, 0x000000011cfa7000]
 total_blobs=48680 nmethods=47954 adapters=637
 compilation: enabled

Compilation events (10 events):
Event: 12513.174 Thread 0x00007fd782817000 55623       4       org.springframework.asm.ClassReader::readInt (52 bytes)
Event: 12513.176 Thread 0x00007fd782817000 nmethod 55623 0x0000000115fe6ad0 code [0x0000000115fe6c20, 0x0000000115fe6d18]
Event: 12513.176 Thread 0x00007fd77f804000 nmethod 55622 0x000000011632fa50 code [0x000000011632fe00, 0x0000000116331e08]
Event: 12513.176 Thread 0x00007fd77f804000 55624       3       org.springframework.asm.Type::getClassName (165 bytes)
Event: 12513.176 Thread 0x00007fd782818000 55626       4       org.springframework.asm.ClassReader::readUTF8 (60 bytes)
Event: 12513.177 Thread 0x00007fd77f804000 nmethod 55624 0x0000000115db0050 code [0x0000000115db0300, 0x0000000115db12d8]
Event: 12513.177 Thread 0x00007fd77f804000 55621       3       org.springframework.asm.MethodVisitor::visitInsn (16 bytes)
Event: 12513.177 Thread 0x00007fd77f804000 nmethod 55621 0x0000000115abc090 code [0x0000000115abc200, 0x0000000115abc468]
Event: 12513.177 Thread 0x00007fd77f804000 55628       3       org.springframework.asm.ClassReader::readCode (3579 bytes)
Event: 12513.189 Thread 0x00007fd782818000 nmethod 55626 0x000000011533b950 code [0x000000011533bae0, 0x000000011533c378]

GC Heap History (10 events):
Event: 12036.474 GC heap before
{Heap before GC invocations=51 (full 8):
 PSYoungGen      total 580096K, used 39115K [0x0000000795580000, 0x00000007c0000000, 0x00000007c0000000)
  eden space 472064K, 0% used [0x0000000795580000,0x0000000795580000,0x00000007b2280000)
  from space 108032K, 36% used [0x00000007b2280000,0x00000007b48b2cd0,0x00000007b8c00000)
  to   space 110080K, 0% used [0x00000007b9480000,0x00000007b9480000,0x00000007c0000000)
 ParOldGen       total 329216K, used 126868K [0x0000000740000000, 0x0000000754180000, 0x0000000795580000)
  object space 329216K, 38% used [0x0000000740000000,0x0000000747be5050,0x0000000754180000)
 Metaspace       used 506918K, capacity 524776K, committed 525028K, reserved 1497088K
  class space    used 67095K, capacity 77118K, committed 77232K, reserved 1048576K
Event: 12037.759 GC heap after
Heap after GC invocations=51 (full 8):
 PSYoungGen      total 580096K, used 0K [0x0000000795580000, 0x00000007c0000000, 0x00000007c0000000)
  eden space 472064K, 0% used [0x0000000795580000,0x0000000795580000,0x00000007b2280000)
  from space 108032K, 0% used [0x00000007b2280000,0x00000007b2280000,0x00000007b8c00000)
  to   space 110080K, 0% used [0x00000007b9480000,0x00000007b9480000,0x00000007c0000000)
 ParOldGen       total 351744K, used 110705K [0x0000000740000000, 0x0000000755780000, 0x0000000795580000)
  object space 351744K, 31% used [0x0000000740000000,0x0000000746c1c5b8,0x0000000755780000)
 Metaspace       used 501831K, capacity 506334K, committed 525028K, reserved 1497088K
  class space    used 65816K, capacity 66717K, committed 77232K, reserved 1048576K
}
Event: 12342.001 GC heap before
{Heap before GC invocations=52 (full 8):
 PSYoungGen      total 580096K, used 472064K [0x0000000795580000, 0x00000007c0000000, 0x00000007c0000000)
  eden space 472064K, 100% used [0x0000000795580000,0x00000007b2280000,0x00000007b2280000)
  from space 108032K, 0% used [0x00000007b2280000,0x00000007b2280000,0x00000007b8c00000)
  to   space 110080K, 0% used [0x00000007b9480000,0x00000007b9480000,0x00000007c0000000)
 ParOldGen       total 351744K, used 110705K [0x0000000740000000, 0x0000000755780000, 0x0000000795580000)
  object space 351744K, 31% used [0x0000000740000000,0x0000000746c1c5b8,0x0000000755780000)
 Metaspace       used 517854K, capacity 525028K, committed 533884K, reserved 1505280K
  class space    used 67956K, capacity 70646K, committed 77232K, reserved 1048576K
Event: 12342.263 GC heap after
Heap after GC invocations=52 (full 8):
 PSYoungGen      total 587776K, used 56407K [0x0000000795580000, 0x00000007bfd00000, 0x00000007c0000000)
  eden space 480768K, 0% used [0x0000000795580000,0x0000000795580000,0x00000007b2b00000)
  from space 107008K, 52% used [0x00000007b9480000,0x00000007bcb95e00,0x00000007bfd00000)
  to   space 107520K, 0% used [0x00000007b2b00000,0x00000007b2b00000,0x00000007b9400000)
 ParOldGen       total 351744K, used 110713K [0x0000000740000000, 0x0000000755780000, 0x0000000795580000)
  object space 351744K, 31% used [0x0000000740000000,0x0000000746c1e5b8,0x0000000755780000)
 Metaspace       used 517854K, capacity 525028K, committed 533884K, reserved 1505280K
  class space    used 67956K, capacity 70646K, committed 77232K, reserved 1048576K
}
Event: 12344.090 GC heap before
{Heap before GC invocations=53 (full 8):
 PSYoungGen      total 587776K, used 537175K [0x0000000795580000, 0x00000007bfd00000, 0x00000007c0000000)
  eden space 480768K, 100% used [0x0000000795580000,0x00000007b2b00000,0x00000007b2b00000)
  from space 107008K, 52% used [0x00000007b9480000,0x00000007bcb95e00,0x00000007bfd00000)
  to   space 107520K, 0% used [0x00000007b2b00000,0x00000007b2b00000,0x00000007b9400000)
 ParOldGen       total 351744K, used 110713K [0x0000000740000000, 0x0000000755780000, 0x0000000795580000)
  object space 351744K, 31% used [0x0000000740000000,0x0000000746c1e5b8,0x0000000755780000)
 Metaspace       used 522454K, capacity 529714K, committed 537980K, reserved 1509376K
  class space    used 68630K, capacity 71338K, committed 77232K, reserved 1048576K
Event: 12344.243 GC heap after
Heap after GC invocations=53 (full 8):
 PSYoungGen      total 588288K, used 72749K [0x0000000795580000, 0x00000007bfd80000, 0x00000007c0000000)
  eden space 480768K, 0% used [0x0000000795580000,0x0000000795580000,0x00000007b2b00000)
  from space 107520K, 67% used [0x00000007b2b00000,0x00000007b720b6c0,0x00000007b9400000)
  to   space 105984K, 0% used [0x00000007b9600000,0x00000007b9600000,0x00000007bfd80000)
 ParOldGen       total 351744K, used 110721K [0x0000000740000000, 0x0000000755780000, 0x0000000795580000)
  object space 351744K, 31% used [0x0000000740000000,0x0000000746c205b8,0x0000000755780000)
 Metaspace       used 522454K, capacity 529714K, committed 537980K, reserved 1509376K
  class space    used 68630K, capacity 71338K, committed 77232K, reserved 1048576K
}
Event: 12509.616 GC heap before
{Heap before GC invocations=54 (full 8):
 PSYoungGen      total 588288K, used 553517K [0x0000000795580000, 0x00000007bfd80000, 0x00000007c0000000)
  eden space 480768K, 100% used [0x0000000795580000,0x00000007b2b00000,0x00000007b2b00000)
  from space 107520K, 67% used [0x00000007b2b00000,0x00000007b720b6c0,0x00000007b9400000)
  to   space 105984K, 0% used [0x00000007b9600000,0x00000007b9600000,0x00000007bfd80000)
 ParOldGen       total 351744K, used 110721K [0x0000000740000000, 0x0000000755780000, 0x0000000795580000)
  object space 351744K, 31% used [0x0000000740000000,0x0000000746c205b8,0x0000000755780000)
 Metaspace       used 555723K, capacity 565936K, committed 568316K, reserved 1540096K
  class space    used 73138K, capacity 77720K, committed 78128K, reserved 1048576K
Event: 12509.773 GC heap after
Heap after GC invocations=54 (full 8):
 PSYoungGen      total 587264K, used 58710K [0x0000000795580000, 0x00000007bf980000, 0x00000007c0000000)
  eden space 485376K, 0% used [0x0000000795580000,0x0000000795580000,0x00000007b2f80000)
  from space 101888K, 57% used [0x00000007b9600000,0x00000007bcf559a0,0x00000007bf980000)
  to   space 103424K, 0% used [0x00000007b2f80000,0x00000007b2f80000,0x00000007b9480000)
 ParOldGen       total 351744K, used 110745K [0x0000000740000000, 0x0000000755780000, 0x0000000795580000)
  object space 351744K, 31% used [0x0000000740000000,0x0000000746c265b8,0x0000000755780000)
 Metaspace       used 555723K, capacity 565936K, committed 568316K, reserved 1540096K
  class space    used 73138K, capacity 77720K, committed 78128K, reserved 1048576K
}
Event: 12512.121 GC heap before
{Heap before GC invocations=55 (full 8):
 PSYoungGen      total 587264K, used 544086K [0x0000000795580000, 0x00000007bf980000, 0x00000007c0000000)
  eden space 485376K, 100% used [0x0000000795580000,0x00000007b2f80000,0x00000007b2f80000)
  from space 101888K, 57% used [0x00000007b9600000,0x00000007bcf559a0,0x00000007bf980000)
  to   space 103424K, 0% used [0x00000007b2f80000,0x00000007b2f80000,0x00000007b9480000)
 ParOldGen       total 351744K, used 110745K [0x0000000740000000, 0x0000000755780000, 0x0000000795580000)
  object space 351744K, 31% used [0x0000000740000000,0x0000000746c265b8,0x0000000755780000)
 Metaspace       used 555723K, capacity 565936K, committed 568316K, reserved 1540096K
  class space    used 73138K, capacity 77720K, committed 78128K, reserved 1048576K
Event: 12512.180 GC heap after
Heap after GC invocations=55 (full 8):
 PSYoungGen      total 588800K, used 78274K [0x0000000795580000, 0x00000007c0000000, 0x00000007c0000000)
  eden space 485376K, 0% used [0x0000000795580000,0x0000000795580000,0x00000007b2f80000)
  from space 103424K, 75% used [0x00000007b2f80000,0x00000007b7bf0b30,0x00000007b9480000)
  to   space 103936K, 0% used [0x00000007b9a80000,0x00000007b9a80000,0x00000007c0000000)
 ParOldGen       total 351744K, used 117974K [0x0000000740000000, 0x0000000755780000, 0x0000000795580000)
  object space 351744K, 33% used [0x0000000740000000,0x0000000747335a00,0x0000000755780000)
 Metaspace       used 555723K, capacity 565936K, committed 568316K, reserved 1540096K
  class space    used 73138K, capacity 77720K, committed 78128K, reserved 1048576K
}

Deoptimization events (10 events):
Event: 12361.121 Thread 0x00007fd787cd4000 Uncommon trap: reason=class_check action=maybe_recompile pc=0x000000010f287c88 method=java.lang.Character.toLowerCase(I)I @ 5
Event: 12362.348 Thread 0x00007fd787cd4000 Uncommon trap: reason=unstable_if action=reinterpret pc=0x0000000111151f48 method=java.util.concurrent.ConcurrentHashMap.putVal(Ljava/lang/Object;Ljava/lang/Object;Z)Ljava/lang/Object; @ 98
Event: 12362.348 Thread 0x00007fd787cd4000 Uncommon trap: reason=unstable_if action=reinterpret pc=0x000000011668ae30 method=org.apache.derby.impl.services.locks.ConcurrentLockSet.getEntry(Lorg/apache/derby/iapi/services/locks/Lockable;)Lorg/apache/derby/impl/services/locks/ConcurrentLockSet$Entry
Event: 12362.353 Thread 0x00007fd787cd4000 Uncommon trap: reason=class_check action=maybe_recompile pc=0x000000011687a58c method=org.apache.derby.impl.services.locks.LockControl.addLock(Lorg/apache/derby/impl/services/locks/LockTable;Lorg/apache/derby/iapi/services/locks/CompatibilitySpace;Ljava/l
Event: 12362.353 Thread 0x00007fd787cd4000 Uncommon trap: reason=class_check action=maybe_recompile pc=0x000000011687a58c method=org.apache.derby.impl.services.locks.LockControl.addLock(Lorg/apache/derby/impl/services/locks/LockTable;Lorg/apache/derby/iapi/services/locks/CompatibilitySpace;Ljava/l
Event: 12362.353 Thread 0x00007fd787cd4000 Uncommon trap: reason=class_check action=maybe_recompile pc=0x000000011687a58c method=org.apache.derby.impl.services.locks.LockControl.addLock(Lorg/apache/derby/impl/services/locks/LockTable;Lorg/apache/derby/iapi/services/locks/CompatibilitySpace;Ljava/l
Event: 12362.353 Thread 0x00007fd787cd4000 Uncommon trap: reason=class_check action=maybe_recompile pc=0x000000011687a58c method=org.apache.derby.impl.services.locks.LockControl.addLock(Lorg/apache/derby/impl/services/locks/LockTable;Lorg/apache/derby/iapi/services/locks/CompatibilitySpace;Ljava/l
Event: 12370.699 Thread 0x00007fd78841d000 Uncommon trap: reason=bimorphic action=maybe_recompile pc=0x000000010f39caac method=java.util.regex.Matcher.getSubSequence(II)Ljava/lang/CharSequence; @ 6
Event: 12373.023 Thread 0x00007fd787cd4000 Uncommon trap: reason=null_check action=make_not_entrant pc=0x00000001168d60d4 method=java.lang.Class.reflectionData()Ljava/lang/Class$ReflectionData; @ 24
Event: 12508.696 Thread 0x00007fd7811cb000 Uncommon trap: reason=unstable_if action=reinterpret pc=0x00000001165f91a8 method=org.apache.derby.iapi.services.io.CompressedNumber.writeLong(Ljava/io/DataOutput;J)I @ 56

Internal exceptions (10 events):
Event: 12512.749 Thread 0x00007fd7811cb000 Exception <a 'java/io/IOException'> (0x000000079d0d68c8) thrown at [/Users/java_re/workspace/8-2-build-macosx-x86_64/jdk8u144/9417/hotspot/src/share/vm/prims/jni.cpp, line 709]
Event: 12512.767 Thread 0x00007fd7811cb000 Exception <a 'java/io/FileNotFoundException'> (0x000000079d1c7690) thrown at [/Users/java_re/workspace/8-2-build-macosx-x86_64/jdk8u144/9417/hotspot/src/share/vm/prims/jni.cpp, line 709]
Event: 12512.774 Thread 0x00007fd7811cb000 Exception <a 'java/io/IOException'> (0x000000079d22d9e0) thrown at [/Users/java_re/workspace/8-2-build-macosx-x86_64/jdk8u144/9417/hotspot/src/share/vm/prims/jni.cpp, line 709]
Event: 12512.774 Thread 0x00007fd7811cb000 Exception <a 'java/io/IOException'> (0x000000079d22de30) thrown at [/Users/java_re/workspace/8-2-build-macosx-x86_64/jdk8u144/9417/hotspot/src/share/vm/prims/jni.cpp, line 709]
Event: 12512.841 Thread 0x00007fd7811cb000 Exception <a 'java/io/IOException'> (0x000000079d715688) thrown at [/Users/java_re/workspace/8-2-build-macosx-x86_64/jdk8u144/9417/hotspot/src/share/vm/prims/jni.cpp, line 709]
Event: 12512.841 Thread 0x00007fd7811cb000 Exception <a 'java/io/IOException'> (0x000000079d715ad8) thrown at [/Users/java_re/workspace/8-2-build-macosx-x86_64/jdk8u144/9417/hotspot/src/share/vm/prims/jni.cpp, line 709]
Event: 12513.094 Thread 0x00007fd7811cb000 Exception <a 'java/io/IOException'> (0x000000079e8fdb70) thrown at [/Users/java_re/workspace/8-2-build-macosx-x86_64/jdk8u144/9417/hotspot/src/share/vm/prims/jni.cpp, line 709]
Event: 12513.094 Thread 0x00007fd7811cb000 Exception <a 'java/io/IOException'> (0x000000079e8fdfc0) thrown at [/Users/java_re/workspace/8-2-build-macosx-x86_64/jdk8u144/9417/hotspot/src/share/vm/prims/jni.cpp, line 709]
Event: 12513.114 Thread 0x00007fd7811cb000 Exception <a 'java/io/IOException'> (0x000000079eb6f160) thrown at [/Users/java_re/workspace/8-2-build-macosx-x86_64/jdk8u144/9417/hotspot/src/share/vm/prims/jni.cpp, line 709]
Event: 12513.114 Thread 0x00007fd7811cb000 Exception <a 'java/io/IOException'> (0x000000079eb6f5b0) thrown at [/Users/java_re/workspace/8-2-build-macosx-x86_64/jdk8u144/9417/hotspot/src/share/vm/prims/jni.cpp, line 709]

Events (10 events):
Event: 12513.183 loading class javax/persistence/SynchronizationType
Event: 12513.183 loading class javax/persistence/SynchronizationType done
Event: 12513.183 loading class javax/persistence/PersistenceProperty
Event: 12513.183 loading class javax/persistence/PersistenceProperty done
Event: 12513.184 loading class org/springframework/jdbc/datasource/embedded/DataSourceFactory
Event: 12513.184 loading class org/springframework/jdbc/datasource/embedded/DataSourceFactory done
Event: 12513.185 loading class org/springframework/jdbc/datasource/embedded/EmbeddedDatabase
Event: 12513.185 loading class org/springframework/jdbc/datasource/embedded/EmbeddedDatabase done
Event: 12513.185 loading class org/springframework/jdbc/datasource/init/DatabasePopulator
Event: 12513.185 loading class org/springframework/jdbc/datasource/init/DatabasePopulator done


Dynamic libraries:
0x00000000018e4000 	/System/Library/Frameworks/Cocoa.framework/Versions/A/Cocoa
0x00000000018e4000 	/System/Library/Frameworks/Security.framework/Versions/A/Security
0x00000000018e4000 	/System/Library/Frameworks/ApplicationServices.framework/Versions/A/ApplicationServices
0x00000000018e4000 	/usr/lib/libz.1.dylib
0x00000000018e4000 	/usr/lib/libSystem.B.dylib
0x00000000018e4000 	/usr/lib/libobjc.A.dylib
0x00000000018e4000 	/System/Library/Frameworks/CoreFoundation.framework/Versions/A/CoreFoundation
0x00000000018e4000 	/System/Library/Frameworks/Foundation.framework/Versions/C/Foundation
0x00000000018e4000 	/System/Library/Frameworks/AppKit.framework/Versions/C/AppKit
0x00000000018e4000 	/System/Library/Frameworks/CoreData.framework/Versions/A/CoreData
0x00000000018e4000 	/System/Library/PrivateFrameworks/RemoteViewServices.framework/Versions/A/RemoteViewServices
0x00000000018e4000 	/System/Library/PrivateFrameworks/UIFoundation.framework/Versions/A/UIFoundation
0x00000000018e4000 	/System/Library/PrivateFrameworks/DFRFoundation.framework/Versions/A/DFRFoundation
0x00000000018e4000 	/System/Library/Frameworks/Metal.framework/Versions/A/Metal
0x00000000018e4000 	/System/Library/PrivateFrameworks/DesktopServicesPriv.framework/Versions/A/DesktopServicesPriv
0x00000000018e4000 	/usr/lib/libenergytrace.dylib
0x00000000018e4000 	/System/Library/PrivateFrameworks/SkyLight.framework/Versions/A/SkyLight
0x00000000018e4000 	/System/Library/Frameworks/CoreGraphics.framework/Versions/A/CoreGraphics
0x00000000018e4000 	/usr/lib/libScreenReader.dylib
0x00000000018e4000 	/System/Library/Frameworks/Accelerate.framework/Versions/A/Accelerate
0x00000000018e4000 	/System/Library/Frameworks/IOSurface.framework/Versions/A/IOSurface
0x00000000018e4000 	/System/Library/Frameworks/AudioToolbox.framework/Versions/A/AudioToolbox
0x00000000018e4000 	/System/Library/Frameworks/AudioUnit.framework/Versions/A/AudioUnit
0x00000000018e4000 	/System/Library/PrivateFrameworks/DataDetectorsCore.framework/Versions/A/DataDetectorsCore
0x00000000018e4000 	/System/Library/Frameworks/Carbon.framework/Versions/A/Frameworks/HIToolbox.framework/Versions/A/HIToolbox
0x00000000018e4000 	/usr/lib/libicucore.A.dylib
0x00000000018e4000 	/System/Library/Frameworks/QuartzCore.framework/Versions/A/QuartzCore
0x00000000018e4000 	/System/Library/Frameworks/Carbon.framework/Versions/A/Frameworks/SpeechRecognition.framework/Versions/A/SpeechRecognition
0x00000000018e4000 	/usr/lib/libauto.dylib
0x00000000018e4000 	/usr/lib/libxml2.2.dylib
0x00000000018e4000 	/System/Library/PrivateFrameworks/CoreUI.framework/Versions/A/CoreUI
0x00000000018e4000 	/System/Library/Frameworks/CoreAudio.framework/Versions/A/CoreAudio
0x00000000018e4000 	/System/Library/Frameworks/DiskArbitration.framework/Versions/A/DiskArbitration
0x00000000018e4000 	/usr/lib/liblangid.dylib
0x00000000018e4000 	/System/Library/PrivateFrameworks/MultitouchSupport.framework/Versions/A/MultitouchSupport
0x00000000018e4000 	/System/Library/Frameworks/IOKit.framework/Versions/A/IOKit
0x00000000018e4000 	/usr/lib/libDiagnosticMessagesClient.dylib
0x00000000018e4000 	/System/Library/Frameworks/CoreServices.framework/Versions/A/CoreServices
0x00000000018e4000 	/System/Library/PrivateFrameworks/PerformanceAnalysis.framework/Versions/A/PerformanceAnalysis
0x00000000018e4000 	/System/Library/Frameworks/OpenGL.framework/Versions/A/OpenGL
0x00000000018e4000 	/System/Library/Frameworks/ColorSync.framework/Versions/A/ColorSync
0x00000000018e4000 	/System/Library/Frameworks/CoreImage.framework/Versions/A/CoreImage
0x00000000018e4000 	/System/Library/Frameworks/CoreText.framework/Versions/A/CoreText
0x00000000018e4000 	/System/Library/Frameworks/ImageIO.framework/Versions/A/ImageIO
0x00000000018e4000 	/System/Library/PrivateFrameworks/Backup.framework/Versions/A/Backup
0x00000000018e4000 	/usr/lib/libarchive.2.dylib
0x00000000018e4000 	/System/Library/Frameworks/CFNetwork.framework/Versions/A/CFNetwork
0x00000000018e4000 	/System/Library/Frameworks/SystemConfiguration.framework/Versions/A/SystemConfiguration
0x00000000018e4000 	/usr/lib/libCRFSuite.dylib
0x00000000018e4000 	/usr/lib/libc++.1.dylib
0x00000000018e4000 	/usr/lib/libc++abi.dylib
0x00000000018e4000 	/usr/lib/system/libcache.dylib
0x00000000018e4000 	/usr/lib/system/libcommonCrypto.dylib
0x00000000018e4000 	/usr/lib/system/libcompiler_rt.dylib
0x00000000018e4000 	/usr/lib/system/libcopyfile.dylib
0x00000000018e4000 	/usr/lib/system/libcorecrypto.dylib
0x00000000018e4000 	/usr/lib/system/libdispatch.dylib
0x00000000018e4000 	/usr/lib/system/libdyld.dylib
0x00000000018e4000 	/usr/lib/system/libkeymgr.dylib
0x00000000018e4000 	/usr/lib/system/liblaunch.dylib
0x00000000018e4000 	/usr/lib/system/libmacho.dylib
0x00000000018e4000 	/usr/lib/system/libquarantine.dylib
0x00000000018e4000 	/usr/lib/system/libremovefile.dylib
0x00000000018e4000 	/usr/lib/system/libsystem_asl.dylib
0x00000000018e4000 	/usr/lib/system/libsystem_blocks.dylib
0x00000000018e4000 	/usr/lib/system/libsystem_c.dylib
0x00000000018e4000 	/usr/lib/system/libsystem_configuration.dylib
0x00000000018e4000 	/usr/lib/system/libsystem_coreservices.dylib
0x00000000018e4000 	/usr/lib/system/libsystem_darwin.dylib
0x00000000018e4000 	/usr/lib/system/libsystem_dnssd.dylib
0x00000000018e4000 	/usr/lib/system/libsystem_info.dylib
0x00000000018e4000 	/usr/lib/system/libsystem_m.dylib
0x00000000018e4000 	/usr/lib/system/libsystem_malloc.dylib
0x00000000018e4000 	/usr/lib/system/libsystem_network.dylib
0x00000000018e4000 	/usr/lib/system/libsystem_networkextension.dylib
0x00000000018e4000 	/usr/lib/system/libsystem_notify.dylib
0x00000000018e4000 	/usr/lib/system/libsystem_sandbox.dylib
0x00000000018e4000 	/usr/lib/system/libsystem_secinit.dylib
0x00000000018e4000 	/usr/lib/system/libsystem_kernel.dylib
0x00000000018e4000 	/usr/lib/system/libsystem_platform.dylib
0x00000000018e4000 	/usr/lib/system/libsystem_pthread.dylib
0x00000000018e4000 	/usr/lib/system/libsystem_symptoms.dylib
0x00000000018e4000 	/usr/lib/system/libsystem_trace.dylib
0x00000000018e4000 	/usr/lib/system/libunwind.dylib
0x00000000018e4000 	/usr/lib/system/libxpc.dylib
0x00000000018e4000 	/usr/lib/closure/libclosured.dylib
0x00000000018e4000 	/usr/lib/libbsm.0.dylib
0x00000000018e4000 	/usr/lib/system/libkxld.dylib
0x00000000018e4000 	/usr/lib/libOpenScriptingUtil.dylib
0x00000000018e4000 	/usr/lib/libcoretls.dylib
0x00000000018e4000 	/usr/lib/libcoretls_cfhelpers.dylib
0x00000000018e4000 	/usr/lib/libpam.2.dylib
0x00000000018e4000 	/usr/lib/libsqlite3.dylib
0x00000000018e4000 	/usr/lib/libxar.1.dylib
0x00000000018e4000 	/usr/lib/libbz2.1.0.dylib
0x00000000018e4000 	/usr/lib/liblzma.5.dylib
0x00000000018e4000 	/usr/lib/libnetwork.dylib
0x00000000018e4000 	/usr/lib/libapple_nghttp2.dylib
0x00000000018e4000 	/usr/lib/libpcap.A.dylib
0x00000000018e4000 	/usr/lib/libboringssl.dylib
0x00000000018e4000 	/usr/lib/libusrtcp.dylib
0x00000000018e4000 	/usr/lib/libapple_crypto.dylib
0x00000000018e4000 	/System/Library/Frameworks/CoreServices.framework/Versions/A/Frameworks/FSEvents.framework/Versions/A/FSEvents
0x00000000018e4000 	/System/Library/Frameworks/CoreServices.framework/Versions/A/Frameworks/CarbonCore.framework/Versions/A/CarbonCore
0x00000000018e4000 	/System/Library/Frameworks/CoreServices.framework/Versions/A/Frameworks/Metadata.framework/Versions/A/Metadata
0x00000000018e4000 	/System/Library/Frameworks/CoreServices.framework/Versions/A/Frameworks/OSServices.framework/Versions/A/OSServices
0x00000000018e4000 	/System/Library/Frameworks/CoreServices.framework/Versions/A/Frameworks/SearchKit.framework/Versions/A/SearchKit
0x00000000018e4000 	/System/Library/Frameworks/CoreServices.framework/Versions/A/Frameworks/AE.framework/Versions/A/AE
0x00000000018e4000 	/System/Library/Frameworks/CoreServices.framework/Versions/A/Frameworks/LaunchServices.framework/Versions/A/LaunchServices
0x00000000018e4000 	/System/Library/Frameworks/CoreServices.framework/Versions/A/Frameworks/DictionaryServices.framework/Versions/A/DictionaryServices
0x00000000018e4000 	/System/Library/Frameworks/CoreServices.framework/Versions/A/Frameworks/SharedFileList.framework/Versions/A/SharedFileList
0x00000000018e4000 	/System/Library/Frameworks/NetFS.framework/Versions/A/NetFS
0x00000000018e4000 	/System/Library/PrivateFrameworks/NetAuth.framework/Versions/A/NetAuth
0x00000000018e4000 	/System/Library/PrivateFrameworks/login.framework/Versions/A/Frameworks/loginsupport.framework/Versions/A/loginsupport
0x00000000018e4000 	/System/Library/PrivateFrameworks/TCC.framework/Versions/A/TCC
0x00000000018e4000 	/usr/lib/libmecabra.dylib
0x00000000018e4000 	/System/Library/Frameworks/ApplicationServices.framework/Versions/A/Frameworks/ATS.framework/Versions/A/ATS
0x00000000018e4000 	/System/Library/Frameworks/ApplicationServices.framework/Versions/A/Frameworks/ColorSyncLegacy.framework/Versions/A/ColorSyncLegacy
0x00000000018e4000 	/System/Library/Frameworks/ApplicationServices.framework/Versions/A/Frameworks/HIServices.framework/Versions/A/HIServices
0x00000000018e4000 	/System/Library/Frameworks/ApplicationServices.framework/Versions/A/Frameworks/LangAnalysis.framework/Versions/A/LangAnalysis
0x00000000018e4000 	/System/Library/Frameworks/ApplicationServices.framework/Versions/A/Frameworks/PrintCore.framework/Versions/A/PrintCore
0x00000000018e4000 	/System/Library/Frameworks/ApplicationServices.framework/Versions/A/Frameworks/QD.framework/Versions/A/QD
0x00000000018e4000 	/System/Library/Frameworks/ApplicationServices.framework/Versions/A/Frameworks/SpeechSynthesis.framework/Versions/A/SpeechSynthesis
0x00000000018e4000 	/System/Library/Frameworks/CoreDisplay.framework/Versions/A/CoreDisplay
0x00000000018e4000 	/System/Library/Frameworks/Accelerate.framework/Versions/A/Frameworks/vImage.framework/Versions/A/vImage
0x00000000018e4000 	/System/Library/Frameworks/Accelerate.framework/Versions/A/Frameworks/vecLib.framework/Versions/A/vecLib
0x00000000018e4000 	/System/Library/Frameworks/Accelerate.framework/Versions/A/Frameworks/vecLib.framework/Versions/A/libvDSP.dylib
0x00000000018e4000 	/System/Library/Frameworks/Accelerate.framework/Versions/A/Frameworks/vecLib.framework/Versions/A/libBNNS.dylib
0x00000000018e4000 	/System/Library/Frameworks/Accelerate.framework/Versions/A/Frameworks/vecLib.framework/Versions/A/libQuadrature.dylib
0x00000000018e4000 	/System/Library/Frameworks/Accelerate.framework/Versions/A/Frameworks/vecLib.framework/Versions/A/libvMisc.dylib
0x00000000018e4000 	/System/Library/Frameworks/Accelerate.framework/Versions/A/Frameworks/vecLib.framework/Versions/A/libLAPACK.dylib
0x00000000018e4000 	/System/Library/Frameworks/Accelerate.framework/Versions/A/Frameworks/vecLib.framework/Versions/A/libBLAS.dylib
0x00000000018e4000 	/System/Library/Frameworks/Accelerate.framework/Versions/A/Frameworks/vecLib.framework/Versions/A/libLinearAlgebra.dylib
0x00000000018e4000 	/System/Library/Frameworks/Accelerate.framework/Versions/A/Frameworks/vecLib.framework/Versions/A/libSparse.dylib
0x00000000018e4000 	/System/Library/Frameworks/Accelerate.framework/Versions/A/Frameworks/vecLib.framework/Versions/A/libSparseBLAS.dylib
0x00000000018e4000 	/System/Library/PrivateFrameworks/IOAccelerator.framework/Versions/A/IOAccelerator
0x00000000018e4000 	/System/Library/PrivateFrameworks/IOPresentment.framework/Versions/A/IOPresentment
0x00000000018e4000 	/System/Library/PrivateFrameworks/DSExternalDisplay.framework/Versions/A/DSExternalDisplay
0x00000000018e4000 	/System/Library/Frameworks/OpenGL.framework/Versions/A/Libraries/libCoreFSCache.dylib
0x00000000018e4000 	/System/Library/Frameworks/CoreVideo.framework/Versions/A/CoreVideo
0x00000000018e4000 	/System/Library/PrivateFrameworks/GraphVisualizer.framework/Versions/A/GraphVisualizer
0x00000000018e4000 	/System/Library/Frameworks/MetalPerformanceShaders.framework/Versions/A/MetalPerformanceShaders
0x00000000018e4000 	/usr/lib/libFosl_dynamic.dylib
0x00000000018e4000 	/System/Library/PrivateFrameworks/FaceCore.framework/Versions/A/FaceCore
0x00000000018e4000 	/System/Library/Frameworks/OpenCL.framework/Versions/A/OpenCL
0x00000000018e4000 	/usr/lib/libcompression.dylib
0x00000000018e4000 	/System/Library/Frameworks/ApplicationServices.framework/Versions/A/Frameworks/ATS.framework/Versions/A/Resources/libFontParser.dylib
0x00000000018e4000 	/System/Library/Frameworks/ApplicationServices.framework/Versions/A/Frameworks/ATS.framework/Versions/A/Resources/libFontRegistry.dylib
0x00000000018e4000 	/System/Library/Frameworks/ImageIO.framework/Versions/A/Resources/libJPEG.dylib
0x00000000018e4000 	/System/Library/Frameworks/ImageIO.framework/Versions/A/Resources/libTIFF.dylib
0x00000000018e4000 	/System/Library/Frameworks/ImageIO.framework/Versions/A/Resources/libPng.dylib
0x00000000018e4000 	/System/Library/Frameworks/ImageIO.framework/Versions/A/Resources/libGIF.dylib
0x00000000018e4000 	/System/Library/Frameworks/ImageIO.framework/Versions/A/Resources/libJP2.dylib
0x00000000018e4000 	/System/Library/Frameworks/ImageIO.framework/Versions/A/Resources/libRadiance.dylib
0x00000000018e4000 	/System/Library/PrivateFrameworks/AppleJPEG.framework/Versions/A/AppleJPEG
0x00000000018e4000 	/System/Library/PrivateFrameworks/MetalTools.framework/Versions/A/MetalTools
0x00000000018e4000 	/System/Library/Frameworks/MetalPerformanceShaders.framework/Frameworks/MPSCore.framework/Versions/A/MPSCore
0x00000000018e4000 	/System/Library/Frameworks/MetalPerformanceShaders.framework/Frameworks/MPSImage.framework/Versions/A/MPSImage
0x00000000018e4000 	/System/Library/Frameworks/MetalPerformanceShaders.framework/Frameworks/MPSMatrix.framework/Versions/A/MPSMatrix
0x00000000018e4000 	/System/Library/Frameworks/MetalPerformanceShaders.framework/Frameworks/MPSNeuralNetwork.framework/Versions/A/MPSNeuralNetwork
0x00000000018e4000 	/System/Library/Frameworks/OpenGL.framework/Versions/A/Libraries/libGLU.dylib
0x00000000018e4000 	/System/Library/Frameworks/OpenGL.framework/Versions/A/Libraries/libGFXShared.dylib
0x00000000018e4000 	/System/Library/Frameworks/OpenGL.framework/Versions/A/Libraries/libGL.dylib
0x00000000018e4000 	/System/Library/Frameworks/OpenGL.framework/Versions/A/Libraries/libGLImage.dylib
0x00000000018e4000 	/System/Library/Frameworks/OpenGL.framework/Versions/A/Libraries/libCVMSPluginSupport.dylib
0x00000000018e4000 	/System/Library/Frameworks/OpenGL.framework/Versions/A/Libraries/libCoreVMClient.dylib
0x00000000018e4000 	/usr/lib/libcups.2.dylib
0x00000000018e4000 	/System/Library/Frameworks/Kerberos.framework/Versions/A/Kerberos
0x00000000018e4000 	/System/Library/Frameworks/GSS.framework/Versions/A/GSS
0x00000000018e4000 	/usr/lib/libresolv.9.dylib
0x00000000018e4000 	/usr/lib/libiconv.2.dylib
0x00000000018e4000 	/System/Library/PrivateFrameworks/Heimdal.framework/Versions/A/Heimdal
0x00000000018e4000 	/usr/lib/libheimdal-asn1.dylib
0x00000000018e4000 	/System/Library/Frameworks/OpenDirectory.framework/Versions/A/OpenDirectory
0x00000000018e4000 	/System/Library/PrivateFrameworks/CommonAuth.framework/Versions/A/CommonAuth
0x00000000018e4000 	/System/Library/Frameworks/OpenDirectory.framework/Versions/A/Frameworks/CFOpenDirectory.framework/Versions/A/CFOpenDirectory
0x00000000018e4000 	/System/Library/Frameworks/SecurityFoundation.framework/Versions/A/SecurityFoundation
0x00000000018e4000 	/System/Library/PrivateFrameworks/APFS.framework/Versions/A/APFS
0x00000000018e4000 	/usr/lib/libutil.dylib
0x00000000018e4000 	/System/Library/PrivateFrameworks/AppleSauce.framework/Versions/A/AppleSauce
0x00000000018e4000 	/System/Library/PrivateFrameworks/LinguisticData.framework/Versions/A/LinguisticData
0x00000000018e4000 	/usr/lib/libmarisa.dylib
0x00000000018e4000 	/System/Library/PrivateFrameworks/Lexicon.framework/Versions/A/Lexicon
0x00000000018e4000 	/usr/lib/libChineseTokenizer.dylib
0x00000000018e4000 	/usr/lib/libcmph.dylib
0x00000000018e4000 	/System/Library/PrivateFrameworks/LanguageModeling.framework/Versions/A/LanguageModeling
0x00000000018e4000 	/System/Library/PrivateFrameworks/CoreEmoji.framework/Versions/A/CoreEmoji
0x00000000018e4000 	/System/Library/Frameworks/ServiceManagement.framework/Versions/A/ServiceManagement
0x00000000018e4000 	/System/Library/PrivateFrameworks/BackgroundTaskManagement.framework/Versions/A/BackgroundTaskManagement
0x00000000018e4000 	/usr/lib/libxslt.1.dylib
0x00000000018e4000 	/System/Library/Frameworks/Carbon.framework/Versions/A/Frameworks/Ink.framework/Versions/A/Ink
0x00000000018e4000 	/System/Library/PrivateFrameworks/TextureIO.framework/Versions/A/TextureIO
0x00000000018e4000 	/usr/lib/libate.dylib
0x00000000018e4000 	/System/Library/PrivateFrameworks/CrashReporterSupport.framework/Versions/A/CrashReporterSupport
0x00000000018e4000 	/System/Library/PrivateFrameworks/Sharing.framework/Versions/A/Sharing
0x00000000018e4000 	/System/Library/PrivateFrameworks/IconServices.framework/Versions/A/IconServices
0x00000000018e4000 	/System/Library/PrivateFrameworks/ProtocolBuffer.framework/Versions/A/ProtocolBuffer
0x00000000018e4000 	/System/Library/PrivateFrameworks/Apple80211.framework/Versions/A/Apple80211
0x00000000018e4000 	/System/Library/Frameworks/CoreWLAN.framework/Versions/A/CoreWLAN
0x00000000018e4000 	/System/Library/PrivateFrameworks/CoreUtils.framework/Versions/A/CoreUtils
0x00000000018e4000 	/System/Library/Frameworks/IOBluetooth.framework/Versions/A/IOBluetooth
0x00000000018e4000 	/System/Library/PrivateFrameworks/CoreWiFi.framework/Versions/A/CoreWiFi
0x00000000018e4000 	/System/Library/Frameworks/CoreBluetooth.framework/Versions/A/CoreBluetooth
0x00000000018e4000 	/System/Library/PrivateFrameworks/SignpostNotification.framework/Versions/A/SignpostNotification
0x00000000018e4000 	/System/Library/PrivateFrameworks/DebugSymbols.framework/Versions/A/DebugSymbols
0x00000000018e4000 	/System/Library/PrivateFrameworks/CoreSymbolication.framework/Versions/A/CoreSymbolication
0x00000000018e4000 	/System/Library/PrivateFrameworks/Symbolication.framework/Versions/A/Symbolication
0x00000000018e4000 	/System/Library/PrivateFrameworks/AppleFSCompression.framework/Versions/A/AppleFSCompression
0x00000000018e4000 	/System/Library/PrivateFrameworks/SpeechRecognitionCore.framework/Versions/A/SpeechRecognitionCore
0x000000010d000000 	/Library/Java/JavaVirtualMachines/jdk1.8.0_144.jdk/Contents/Home/jre/lib/server/libjvm.dylib
0x00000000018e4000 	/usr/lib/libstdc++.6.0.9.dylib
0x000000010bcac000 	/Library/Java/JavaVirtualMachines/jdk1.8.0_144.jdk/Contents/Home/jre/lib/libverify.dylib
0x000000010bcba000 	/Library/Java/JavaVirtualMachines/jdk1.8.0_144.jdk/Contents/Home/jre/lib/libjava.dylib
0x000000010bd39000 	/Library/Java/JavaVirtualMachines/jdk1.8.0_144.jdk/Contents/Home/jre/lib/libzip.dylib
0x00000000018e4000 	/System/Library/Frameworks/JavaVM.framework/Versions/A/Frameworks/JavaRuntimeSupport.framework/Versions/A/JavaRuntimeSupport
0x00000000018e4000 	/System/Library/Frameworks/JavaVM.framework/Versions/A/Frameworks/JavaNativeFoundation.framework/Versions/A/JavaNativeFoundation
0x00000000018e4000 	/System/Library/Frameworks/JavaVM.framework/Versions/A/JavaVM
0x00000000018e4000 	/System/Library/Frameworks/Carbon.framework/Versions/A/Carbon
0x00000000018e4000 	/System/Library/PrivateFrameworks/JavaLaunching.framework/Versions/A/JavaLaunching
0x00000000018e4000 	/System/Library/Frameworks/Carbon.framework/Versions/A/Frameworks/CommonPanels.framework/Versions/A/CommonPanels
0x00000000018e4000 	/System/Library/Frameworks/Carbon.framework/Versions/A/Frameworks/Help.framework/Versions/A/Help
0x00000000018e4000 	/System/Library/Frameworks/Carbon.framework/Versions/A/Frameworks/ImageCapture.framework/Versions/A/ImageCapture
0x00000000018e4000 	/System/Library/Frameworks/Carbon.framework/Versions/A/Frameworks/OpenScripting.framework/Versions/A/OpenScripting
0x00000000018e4000 	/System/Library/Frameworks/Carbon.framework/Versions/A/Frameworks/Print.framework/Versions/A/Print
0x00000000018e4000 	/System/Library/Frameworks/Carbon.framework/Versions/A/Frameworks/SecurityHI.framework/Versions/A/SecurityHI
0x0000000125eb7000 	/Library/Java/JavaVirtualMachines/jdk1.8.0_144.jdk/Contents/Home/jre/lib/libnet.dylib
0x0000000125ece000 	/Library/Java/JavaVirtualMachines/jdk1.8.0_144.jdk/Contents/Home/jre/lib/libnio.dylib
0x00000001260c4000 	/Library/Java/JavaVirtualMachines/jdk1.8.0_144.jdk/Contents/Home/jre/lib/libmanagement.dylib
0x00000001268f8000 	/Library/Java/JavaVirtualMachines/jdk1.8.0_144.jdk/Contents/Home/jre/lib/libsunec.dylib

VM Arguments:
jvm_args: -Dmaven.multiModuleProjectDirectory=/Users/dkizivat/Projects/University/pa165/web-is/web-is-frontend -Dmaven.home=/Applications/IntelliJ IDEA.app/Contents/plugins/maven/lib/maven3 -Dclassworlds.conf=/Applications/IntelliJ IDEA.app/Contents/plugins/maven/lib/maven3/bin/m2.conf -Dfile.encoding=UTF-8 
java_command: org.codehaus.classworlds.Launcher -Didea.version=2017.3.1 tomcat7:run
java_class_path (initial): /Applications/IntelliJ IDEA.app/Contents/plugins/maven/lib/maven3/boot/plexus-classworlds-2.5.2.jar
Launcher Type: SUN_STANDARD

Environment Variables:
PATH=/usr/local/bin:/usr/bin:/bin:/usr/sbin:/sbin:/Library/TeX/texbin:/opt/X11/bin:/Library/Frameworks/Mono.framework/Versions/Current/Commands
SHELL=/bin/zsh
DISPLAY=/private/tmp/com.apple.launchd.2OvokIj7tW/org.macosforge.xquartz:0

Signal Handlers:
SIGSEGV: [libjvm.dylib+0x5b26e5], sa_mask[0]=11111111011111110111111111111111, sa_flags=SA_ONSTACK|SA_RESTART|SA_SIGINFO
SIGBUS: [libjvm.dylib+0x5b26e5], sa_mask[0]=11111111011111110111111111111111, sa_flags=SA_RESTART|SA_SIGINFO
SIGFPE: [libjvm.dylib+0x489100], sa_mask[0]=11111111011111110111111111111111, sa_flags=SA_RESTART|SA_SIGINFO
SIGPIPE: [libjvm.dylib+0x489100], sa_mask[0]=11111111011111110111111111111111, sa_flags=SA_RESTART|SA_SIGINFO
SIGXFSZ: [libjvm.dylib+0x489100], sa_mask[0]=11111111011111110111111111111111, sa_flags=SA_RESTART|SA_SIGINFO
SIGILL: [libjvm.dylib+0x489100], sa_mask[0]=11111111011111110111111111111111, sa_flags=SA_RESTART|SA_SIGINFO
SIGUSR1: SIG_DFL, sa_mask[0]=00000000000000000000000000000000, sa_flags=none
SIGUSR2: [libjvm.dylib+0x488c1e], sa_mask[0]=00100000000000000000000000000000, sa_flags=SA_RESTART|SA_SIGINFO
SIGHUP: [libjvm.dylib+0x4871f5], sa_mask[0]=11111111011111110111111111111111, sa_flags=SA_RESTART|SA_SIGINFO
SIGINT: [libjvm.dylib+0x4871f5], sa_mask[0]=11111111011111110111111111111111, sa_flags=SA_RESTART|SA_SIGINFO
SIGTERM: [libjvm.dylib+0x4871f5], sa_mask[0]=11111111011111110111111111111111, sa_flags=SA_RESTART|SA_SIGINFO
SIGQUIT: [libjvm.dylib+0x4871f5], sa_mask[0]=11111111011111110111111111111111, sa_flags=SA_RESTART|SA_SIGINFO


---------------  S Y S T E M  ---------------

OS:Bsduname:Darwin 17.3.0 Darwin Kernel Version 17.3.0: Thu Nov  9 18:09:22 PST 2017; root:xnu-4570.31.3~1/RELEASE_X86_64 x86_64
rlimit: STACK 8192k, CORE 0k, NPROC 709, NOFILE 10240, AS infinity
load average:3.30 3.04 3.05

CPU:total 8 (initial active 8) (4 cores per cpu, 2 threads per core) family 6 model 58 stepping 9, cmov, cx8, fxsr, mmx, sse, sse2, sse3, ssse3, sse4.1, sse4.2, popcnt, avx, aes, clmul, erms, ht, tsc, tscinvbit, tscinv

Memory: 4k page, physical 8388608k(58308k free)

/proc/meminfo:


vm_info: Java HotSpot(TM) 64-Bit Server VM (25.144-b01) for bsd-amd64 JRE (1.8.0_144-b01), built on Jul 21 2017 22:07:42 by "java_re" with gcc 4.2.1 (Based on Apple Inc. build 5658) (LLVM build 2336.11.00)

time: Mon Dec 18 13:53:10 2017
elapsed time: 12513 seconds (0d 3h 28m 33s)

